<?xml version="1.0" encoding="UTF-8"?>
<!-- Generated by org.testng.reporters.JUnitXMLReporter -->
<testsuite hostname="LAPTOP-U6TJ3PMQ" ignored="0" name="Test" tests="1" failures="1" timestamp="16 Oct 2018 06:22:38 GMT" time="0.067" errors="0">
  <testcase name="websiteNavigation" time="0.022" classname="realtor.Scenario1">
    <failure type="java.lang.NullPointerException">
      <![CDATA[java.lang.NullPointerException
at realtor.TestBase.initializeDriver(TestBase.java:37)
at realtor.Scenario1.websiteNavigation(Scenario1.java:12)
... Removed 25 stack frames]]>
    </failure>
  </testcase> <!-- websiteNavigation -->
</testsuite> <!-- Test -->
