<?xml version="1.0" encoding="UTF-8"?>
<testng-results skipped="0" failed="1" ignored="0" total="4" passed="3">
  <reporter-output>
  </reporter-output>
  <suite name="Realtor" duration-ms="141900" started-at="2018-10-18T04:47:02Z" finished-at="2018-10-18T04:49:24Z">
    <groups>
    </groups>
    <test name="CodingTest" duration-ms="141900" started-at="2018-10-18T04:47:02Z" finished-at="2018-10-18T04:49:24Z">
      <class name="realtor.scenario3BonusTest">
        <test-method status="PASS" signature="selectRandomImgUrl()[pri:1, instance:realtor.scenario3BonusTest@6f7fd0e6]" name="selectRandomImgUrl" duration-ms="33446" started-at="2018-10-18T04:48:12Z" description="Bonus requirement: Select and compare price of search result" finished-at="2018-10-18T04:48:45Z">
          <reporter-output>
          </reporter-output>
        </test-method> <!-- selectRandomImgUrl -->
        <test-method status="PASS" signature="close()[pri:0, instance:realtor.scenario3BonusTest@6f7fd0e6]" name="close" is-config="true" duration-ms="1825" started-at="2018-10-18T04:48:45Z" description="Close the browser" finished-at="2018-10-18T04:48:47Z">
          <reporter-output>
          </reporter-output>
        </test-method> <!-- close -->
      </class> <!-- realtor.scenario3BonusTest -->
      <class name="realtor.scenario4SecondSearchResultTest">
        <test-method status="FAIL" signature="priceCheck()[pri:0, instance:realtor.scenario4SecondSearchResultTest@47c62251]" name="priceCheck" duration-ms="30516" started-at="2018-10-18T04:47:02Z" description="Select and compare price of the second search result" finished-at="2018-10-18T04:47:33Z">
          <exception class="java.lang.AssertionError">
            <message>
              <![CDATA[null]]>
            </message>
            <full-stacktrace>
              <![CDATA[java.lang.AssertionError: null
at org.testng.Assert.fail(Assert.java:96)
at org.testng.Assert.fail(Assert.java:103)
at realtor.scenario1Test.websiteNavigation(scenario1Test.java:28)
at realtor.scenario4SecondSearchResultTest.priceCheck(scenario4SecondSearchResultTest.java:22)
at sun.reflect.NativeMethodAccessorImpl.invoke0(Native Method)
at sun.reflect.NativeMethodAccessorImpl.invoke(Unknown Source)
at sun.reflect.DelegatingMethodAccessorImpl.invoke(Unknown Source)
at java.lang.reflect.Method.invoke(Unknown Source)
at org.testng.internal.MethodInvocationHelper.invokeMethod(MethodInvocationHelper.java:124)
at org.testng.internal.Invoker.invokeMethod(Invoker.java:583)
at org.testng.internal.Invoker.invokeTestMethod(Invoker.java:719)
at org.testng.internal.Invoker.invokeTestMethods(Invoker.java:989)
at org.testng.internal.TestMethodWorker.invokeTestMethods(TestMethodWorker.java:125)
at org.testng.internal.TestMethodWorker.run(TestMethodWorker.java:109)
at org.testng.TestRunner.privateRun(TestRunner.java:648)
at org.testng.TestRunner.run(TestRunner.java:505)
at org.testng.SuiteRunner.runTest(SuiteRunner.java:455)
at org.testng.SuiteRunner.runSequentially(SuiteRunner.java:450)
at org.testng.SuiteRunner.privateRun(SuiteRunner.java:415)
at org.testng.SuiteRunner.run(SuiteRunner.java:364)
at org.testng.SuiteRunnerWorker.runSuite(SuiteRunnerWorker.java:52)
at org.testng.SuiteRunnerWorker.run(SuiteRunnerWorker.java:84)
at org.testng.TestNG.runSuitesSequentially(TestNG.java:1208)
at org.testng.TestNG.runSuitesLocally(TestNG.java:1137)
at org.testng.TestNG.runSuites(TestNG.java:1049)
at org.testng.TestNG.run(TestNG.java:1017)
at org.testng.remote.AbstractRemoteTestNG.run(AbstractRemoteTestNG.java:114)
at org.testng.remote.RemoteTestNG.initAndRun(RemoteTestNG.java:251)
at org.testng.remote.RemoteTestNG.main(RemoteTestNG.java:77)
]]>
            </full-stacktrace>
          </exception> <!-- java.lang.AssertionError -->
          <reporter-output>
          </reporter-output>
        </test-method> <!-- priceCheck -->
        <test-method status="PASS" signature="close()[pri:0, instance:realtor.scenario4SecondSearchResultTest@47c62251]" name="close" is-config="true" duration-ms="1013" started-at="2018-10-18T04:47:33Z" description="Close the browser" finished-at="2018-10-18T04:47:34Z">
          <reporter-output>
          </reporter-output>
        </test-method> <!-- close -->
      </class> <!-- realtor.scenario4SecondSearchResultTest -->
      <class name="realtor.scenario1Test">
        <test-method status="PASS" signature="websiteNavigation()[pri:1, instance:realtor.scenario1Test@59f99ea]" name="websiteNavigation" duration-ms="34760" started-at="2018-10-18T04:48:47Z" description="Navigate to realtor.com and search for Morgantown,MW" finished-at="2018-10-18T04:49:22Z">
          <reporter-output>
          </reporter-output>
        </test-method> <!-- websiteNavigation -->
        <test-method status="PASS" signature="close()[pri:0, instance:realtor.scenario1Test@59f99ea]" name="close" is-config="true" duration-ms="2059" started-at="2018-10-18T04:49:22Z" description="Close the broswer" finished-at="2018-10-18T04:49:24Z">
          <reporter-output>
          </reporter-output>
        </test-method> <!-- close -->
      </class> <!-- realtor.scenario1Test -->
      <class name="realtor.scenario2Test">
        <test-method status="PASS" signature="resultSearch()[pri:1, instance:realtor.scenario2Test@27efef64]" name="resultSearch" duration-ms="36489" started-at="2018-10-18T04:47:34Z" description="Verify [N] Homes is greater than 0" finished-at="2018-10-18T04:48:10Z">
          <reporter-output>
          </reporter-output>
        </test-method> <!-- resultSearch -->
        <test-method status="PASS" signature="close()[pri:0, instance:realtor.scenario2Test@27efef64]" name="close" is-config="true" duration-ms="1751" started-at="2018-10-18T04:48:10Z" description="Close the browser" finished-at="2018-10-18T04:48:12Z">
          <reporter-output>
          </reporter-output>
        </test-method> <!-- close -->
      </class> <!-- realtor.scenario2Test -->
    </test> <!-- CodingTest -->
  </suite> <!-- Realtor -->
</testng-results>
